org.springframework.test.context.web java.io.File import javax.servlet.ServletContext import org.junit.Test import org.springframework.beans.factory.annotation.Autowired import org.springframework.context.annotation.Bean import org.springframework.context.annotation.Configuration import org.springframework.mock.web.MockHttpServletRequest import org.springframework.mock.web.MockHttpServletResponse import org.springframework.mock.web.MockHttpSession import org.springframework.mock.web.MockServletContext import org.springframework.test.context.ContextConfiguration import org.springframework.test.context.junit4.AbstractJUnit4SpringContextTests import org.springframework.web.context.ServletContextAware import org.springframework.web.context.WebApplicationContext import org.springframework.web.context.request.ServletWebRequest import static static org.junit.Assert.* import class annotation annotation org.springframework.test.context.web.JUnit4SpringContextWebTests super super extends super implements MockServletContext WebApplicationContext MockHttpServletRequest MockHttpSession ServletContext ServletWebRequest String MockHttpServletResponse public public return public public = Object public public throws call WebApplicationContext.getServletContext() call WebApplicationContext.getServletContext() call WebApplicationContext.getServletContext() call WebApplicationContext.getServletContext() call WebApplicationContext.getServletContext() decl_stmt java.lang.Object = call org.springframework.mock.web.MockServletContext.getAttribute(String) call org.springframework.mock.web.MockServletContext.getAttribute(String) call org.springframework.mock.web.MockServletContext.getAttribute(String) call org.springframework.mock.web.MockServletContext.getAttribute(String) call org.springframework.mock.web.MockServletContext.getAttribute(String) + call WebApplicationContext.getServletContext() call WebApplicationContext.getServletContext() call WebApplicationContext.getServletContext() call WebApplicationContext.getServletContext() call WebApplicationContext.getServletContext() call org.springframework.mock.web.MockHttpServletRequest.getServletContext() call org.springframework.mock.web.MockHttpServletRequest.getServletContext() call org.springframework.mock.web.MockHttpServletRequest.getServletContext() call org.springframework.mock.web.MockHttpServletRequest.getServletContext() call org.springframework.mock.web.MockHttpServletRequest.getServletContext() new call org.springframework.mock.web.MockServletContext.getRealPath(String) call org.springframework.mock.web.MockServletContext.getRealPath(String) call org.springframework.mock.web.MockServletContext.getRealPath(String) call org.springframework.mock.web.MockServletContext.getRealPath(String) call org.springframework.mock.web.MockServletContext.getRealPath(String) public public