org.springframework.test.context.junit4 java.lang.reflect.Constructor import org.junit.runner.JUnitCore import org.junit.runner.RunWith import org.junit.runner.Runner import org.junit.runner.notification.RunNotifier import org.springframework.beans.BeanUtils import static static org.junit.Assert.* import class org.springframework.test.context.junit4.JUnitTestingUtils public static public static < throws TrackingRunListener Runner JUnitCore RunNotifier decl Constructor public static public static < extends extends < throws decl_stmt org.springframework.test.context.junit4.TrackingRunListener = new if != decl_stmt java.lang.reflect.Constructor < = decl_stmt Runner = decl_stmt RunNotifier = new call RunNotifier.addListener() call RunNotifier.addListener() call RunNotifier.addListener() call RunNotifier.addListener() call RunNotifier.addListener() call Runner.run() call Runner.run() call Runner.run() call Runner.run() call Runner.run() else decl_stmt JUnitCore = new call JUnitCore.addListener() call JUnitCore.addListener() call JUnitCore.addListener() call JUnitCore.addListener() call JUnitCore.addListener() call JUnitCore.run() call JUnitCore.run() call JUnitCore.run() call JUnitCore.run() call JUnitCore.run() + + call org.springframework.test.context.junit4.TrackingRunListener.getTestStartedCount() call org.springframework.test.context.junit4.TrackingRunListener.getTestStartedCount() call org.springframework.test.context.junit4.TrackingRunListener.getTestStartedCount() call org.springframework.test.context.junit4.TrackingRunListener.getTestStartedCount() call org.springframework.test.context.junit4.TrackingRunListener.getTestStartedCount() + + call org.springframework.test.context.junit4.TrackingRunListener.getTestFailureCount() call org.springframework.test.context.junit4.TrackingRunListener.getTestFailureCount() call org.springframework.test.context.junit4.TrackingRunListener.getTestFailureCount() call org.springframework.test.context.junit4.TrackingRunListener.getTestFailureCount() call org.springframework.test.context.junit4.TrackingRunListener.getTestFailureCount() + + call TrackingRunListener.getTestFinishedCount() call TrackingRunListener.getTestFinishedCount() call TrackingRunListener.getTestFinishedCount() call TrackingRunListener.getTestFinishedCount() call TrackingRunListener.getTestFinishedCount() + + call org.springframework.test.context.junit4.TrackingRunListener.getTestIgnoredCount() call org.springframework.test.context.junit4.TrackingRunListener.getTestIgnoredCount() call org.springframework.test.context.junit4.TrackingRunListener.getTestIgnoredCount() call org.springframework.test.context.junit4.TrackingRunListener.getTestIgnoredCount() call org.springframework.test.context.junit4.TrackingRunListener.getTestIgnoredCount() + + call org.springframework.test.context.junit4.TrackingRunListener.getTestAssumptionFailureCount() call org.springframework.test.context.junit4.TrackingRunListener.getTestAssumptionFailureCount() call org.springframework.test.context.junit4.TrackingRunListener.getTestAssumptionFailureCount() call org.springframework.test.context.junit4.TrackingRunListener.getTestAssumptionFailureCount() call org.springframework.test.context.junit4.TrackingRunListener.getTestAssumptionFailureCount()