org.apache.log4j.util org.apache.oro.text.perl.Perl5Util import class org.apache.log4j.util.JunitTestRunnerFilter super super implements Perl5Util public public if == return if call Perl5Util.match() call Perl5Util.match() call Perl5Util.match() call Perl5Util.match() call Perl5Util.match() return else if call Perl5Util.match() call Perl5Util.match() call Perl5Util.match() call Perl5Util.match() call Perl5Util.match() return else if call Perl5Util.match() call Perl5Util.match() call Perl5Util.match() call Perl5Util.match() call Perl5Util.match() return else if >= && >= return else if >= return else if >= return else if >= return else if call Perl5Util.match() call Perl5Util.match() call Perl5Util.match() call Perl5Util.match() call Perl5Util.match() return + else return