org.antlr.gunit.GrammarInfo.getGrammarName() org.antlr.gunit.GrammarInfo.getGrammarName() org.antlr.gunit.GrammarInfo.getGrammarName() org.antlr.gunit.GrammarInfo.getGrammarName() org.antlr.gunit.GrammarInfo.getGrammarName() org.antlr.gunit.GrammarInfo.getGrammarPackage() org.antlr.gunit.GrammarInfo.getGrammarPackage() org.antlr.gunit.GrammarInfo.getGrammarPackage() org.antlr.gunit.GrammarInfo.getGrammarPackage() org.antlr.gunit.GrammarInfo.getGrammarPackage() org.antlr.gunit.GrammarInfo.getGrammarPackage() org.antlr.gunit.GrammarInfo.getGrammarPackage() org.antlr.gunit.GrammarInfo.getGrammarPackage() org.antlr.gunit.GrammarInfo.getGrammarPackage() org.antlr.gunit.GrammarInfo.getGrammarPackage() org.antlr.gunit.GrammarInfo.getTreeGrammarName() org.antlr.gunit.GrammarInfo.getTreeGrammarName() org.antlr.gunit.GrammarInfo.getTreeGrammarName() org.antlr.gunit.GrammarInfo.getTreeGrammarName() org.antlr.gunit.GrammarInfo.getTreeGrammarName() org.antlr.gunit.GrammarInfo.getTreeGrammarName() org.antlr.gunit.GrammarInfo.getTreeGrammarName() org.antlr.gunit.GrammarInfo.getTreeGrammarName() org.antlr.gunit.GrammarInfo.getTreeGrammarName() org.antlr.gunit.GrammarInfo.getTreeGrammarName() org.antlr.gunit.GrammarInfo.getGrammarName() org.antlr.gunit.GrammarInfo.getGrammarName() org.antlr.gunit.GrammarInfo.getGrammarName() org.antlr.gunit.GrammarInfo.getGrammarName() org.antlr.gunit.GrammarInfo.getGrammarName() org.antlr.gunit.GrammarInfo.getGrammarName() org.antlr.gunit.GrammarInfo.getGrammarName() org.antlr.gunit.GrammarInfo.getGrammarName() org.antlr.gunit.GrammarInfo.getGrammarName() org.antlr.gunit.GrammarInfo.getGrammarName() org.antlr.gunit.GrammarInfo.getGrammarName() org.antlr.gunit.GrammarInfo.getGrammarName() org.antlr.gunit.GrammarInfo.getGrammarName() org.antlr.gunit.GrammarInfo.getGrammarName() org.antlr.gunit.GrammarInfo.getGrammarName() java.lang.StringBuffer.toString() java.lang.StringBuffer.toString() java.lang.StringBuffer.toString() java.lang.StringBuffer.toString() java.lang.StringBuffer.toString() java.lang.StringBuffer.append(boolean) java.lang.StringBuffer.append(boolean) java.lang.StringBuffer.append(boolean) java.lang.StringBuffer.append(boolean) java.lang.StringBuffer.append(boolean) java.lang.StringBuffer.append(boolean) java.lang.StringBuffer.append(boolean) java.lang.StringBuffer.append(boolean) java.lang.StringBuffer.append(boolean) java.lang.StringBuffer.append(boolean) java.lang.StringBuffer.append(boolean) java.lang.StringBuffer.append(boolean) java.lang.StringBuffer.append(boolean) java.lang.StringBuffer.append(boolean) java.lang.StringBuffer.append(boolean) org.antlr.gunit.GrammarInfo.getTestPackage() org.antlr.gunit.GrammarInfo.getTestPackage() org.antlr.gunit.GrammarInfo.getTestPackage() org.antlr.gunit.GrammarInfo.getTestPackage() org.antlr.gunit.GrammarInfo.getTestPackage() StringTemplate.setAttribute() StringTemplate.setAttribute() StringTemplate.setAttribute() StringTemplate.setAttribute() StringTemplate.setAttribute() org.antlr.gunit.GrammarInfo.getTestPackage() org.antlr.gunit.GrammarInfo.getTestPackage() org.antlr.gunit.GrammarInfo.getTestPackage() org.antlr.gunit.GrammarInfo.getTestPackage() org.antlr.gunit.GrammarInfo.getTestPackage() StringTemplate.setAttribute() StringTemplate.setAttribute() StringTemplate.setAttribute() StringTemplate.setAttribute() StringTemplate.setAttribute() org.antlr.gunit.GrammarInfo.getGrammarPackage() org.antlr.gunit.GrammarInfo.getGrammarPackage() org.antlr.gunit.GrammarInfo.getGrammarPackage() org.antlr.gunit.GrammarInfo.getGrammarPackage() org.antlr.gunit.GrammarInfo.getGrammarPackage() org.antlr.gunit.GrammarInfo.getGrammarPackage() org.antlr.gunit.GrammarInfo.getGrammarPackage() org.antlr.gunit.GrammarInfo.getGrammarPackage() org.antlr.gunit.GrammarInfo.getGrammarPackage() org.antlr.gunit.GrammarInfo.getGrammarPackage() org.antlr.gunit.GrammarInfo.getGrammarPackage() org.antlr.gunit.GrammarInfo.getGrammarPackage() org.antlr.gunit.GrammarInfo.getGrammarPackage() org.antlr.gunit.GrammarInfo.getGrammarPackage() org.antlr.gunit.GrammarInfo.getGrammarPackage() org.antlr.gunit.GrammarInfo.getGrammarPackage() org.antlr.gunit.GrammarInfo.getGrammarPackage() org.antlr.gunit.GrammarInfo.getGrammarPackage() org.antlr.gunit.GrammarInfo.getGrammarPackage() org.antlr.gunit.GrammarInfo.getGrammarPackage() org.antlr.gunit.GrammarInfo.getTreeGrammarName() org.antlr.gunit.GrammarInfo.getTreeGrammarName() org.antlr.gunit.GrammarInfo.getTreeGrammarName() org.antlr.gunit.GrammarInfo.getTreeGrammarName() org.antlr.gunit.GrammarInfo.getTreeGrammarName() org.antlr.gunit.GrammarInfo.getGrammarPackage() org.antlr.gunit.GrammarInfo.getGrammarPackage() org.antlr.gunit.GrammarInfo.getGrammarPackage() org.antlr.gunit.GrammarInfo.getGrammarPackage() org.antlr.gunit.GrammarInfo.getGrammarPackage() org.antlr.gunit.GrammarInfo.getTreeGrammarName() org.antlr.gunit.GrammarInfo.getTreeGrammarName() org.antlr.gunit.GrammarInfo.getTreeGrammarName() org.antlr.gunit.GrammarInfo.getTreeGrammarName() org.antlr.gunit.GrammarInfo.getTreeGrammarName() org.antlr.gunit.GrammarInfo.getTreeGrammarName() org.antlr.gunit.GrammarInfo.getTreeGrammarName() org.antlr.gunit.GrammarInfo.getTreeGrammarName() org.antlr.gunit.GrammarInfo.getTreeGrammarName() org.antlr.gunit.GrammarInfo.getTreeGrammarName() org.antlr.gunit.GrammarInfo.getTreeGrammarName() org.antlr.gunit.GrammarInfo.getTreeGrammarName() org.antlr.gunit.GrammarInfo.getTreeGrammarName() org.antlr.gunit.GrammarInfo.getTreeGrammarName() org.antlr.gunit.GrammarInfo.getTreeGrammarName() org.antlr.gunit.GrammarInfo.getAdaptor() org.antlr.gunit.GrammarInfo.getAdaptor() org.antlr.gunit.GrammarInfo.getAdaptor() org.antlr.gunit.GrammarInfo.getAdaptor() org.antlr.gunit.GrammarInfo.getAdaptor() org.antlr.gunit.GrammarInfo.getAdaptor() org.antlr.gunit.GrammarInfo.getAdaptor() org.antlr.gunit.GrammarInfo.getAdaptor() org.antlr.gunit.GrammarInfo.getAdaptor() org.antlr.gunit.GrammarInfo.getAdaptor() StringTemplate.setAttribute() StringTemplate.setAttribute() StringTemplate.setAttribute() StringTemplate.setAttribute() StringTemplate.setAttribute() StringTemplate.setAttribute() StringTemplate.setAttribute() StringTemplate.setAttribute() StringTemplate.setAttribute() StringTemplate.setAttribute() StringTemplate.setAttribute() StringTemplate.setAttribute() StringTemplate.setAttribute() StringTemplate.setAttribute() StringTemplate.setAttribute() StringTemplate.setAttribute() StringTemplate.setAttribute() StringTemplate.setAttribute() StringTemplate.setAttribute() StringTemplate.setAttribute() StringTemplate.setAttribute() StringTemplate.setAttribute() StringTemplate.setAttribute() StringTemplate.setAttribute() StringTemplate.setAttribute() StringTemplate.setAttribute() StringTemplate.setAttribute() StringTemplate.setAttribute() StringTemplate.setAttribute() StringTemplate.setAttribute() StringTemplate.setAttribute() StringTemplate.setAttribute() StringTemplate.setAttribute() StringTemplate.setAttribute() StringTemplate.setAttribute() StringTemplate.setAttribute() StringTemplate.setAttribute() StringTemplate.setAttribute() StringTemplate.setAttribute() StringTemplate.setAttribute() StringTemplate.toString() StringTemplate.toString() StringTemplate.toString() StringTemplate.toString() StringTemplate.toString() org.antlr.gunit.GrammarInfo.getTreeGrammarName() org.antlr.gunit.GrammarInfo.getTreeGrammarName() org.antlr.gunit.GrammarInfo.getTreeGrammarName() org.antlr.gunit.GrammarInfo.getTreeGrammarName() org.antlr.gunit.GrammarInfo.getTreeGrammarName() java.lang.StringBuffer.toString() java.lang.StringBuffer.toString() java.lang.StringBuffer.toString() java.lang.StringBuffer.toString() java.lang.StringBuffer.toString() GrammarInfo.getRuleTestSuites() GrammarInfo.getRuleTestSuites() GrammarInfo.getRuleTestSuites() GrammarInfo.getRuleTestSuites() GrammarInfo.getRuleTestSuites() Map.containsKey() Map.containsKey() Map.containsKey() Map.containsKey() Map.containsKey() StringTemplate.setAttribute() StringTemplate.setAttribute() StringTemplate.setAttribute() StringTemplate.setAttribute() StringTemplate.setAttribute() StringTemplate.setAttribute() StringTemplate.setAttribute() StringTemplate.setAttribute() StringTemplate.setAttribute() StringTemplate.setAttribute() StringTemplate.setAttribute() StringTemplate.setAttribute() StringTemplate.setAttribute() StringTemplate.setAttribute() StringTemplate.setAttribute() StringTemplate.setAttribute() StringTemplate.setAttribute() StringTemplate.setAttribute() StringTemplate.setAttribute() StringTemplate.setAttribute() Map.get() Map.get() Map.get() Map.get() Map.get() StringTemplate.setAttribute() StringTemplate.setAttribute() StringTemplate.setAttribute() StringTemplate.setAttribute() StringTemplate.setAttribute() StringTemplate.setAttribute() StringTemplate.setAttribute() StringTemplate.setAttribute() StringTemplate.setAttribute() StringTemplate.setAttribute() StringTemplate.setAttribute() StringTemplate.setAttribute() StringTemplate.setAttribute() StringTemplate.setAttribute() StringTemplate.setAttribute() StringTemplate.setAttribute() StringTemplate.setAttribute() StringTemplate.setAttribute() StringTemplate.setAttribute() StringTemplate.setAttribute() StringTemplate.setAttribute() StringTemplate.setAttribute() StringTemplate.setAttribute() StringTemplate.setAttribute() StringTemplate.setAttribute() StringTemplate.setAttribute() StringTemplate.setAttribute() StringTemplate.setAttribute() StringTemplate.setAttribute() StringTemplate.setAttribute() StringTemplate.setAttribute() StringTemplate.setAttribute() StringTemplate.setAttribute() StringTemplate.setAttribute() StringTemplate.setAttribute() StringTemplate.setAttribute() StringTemplate.setAttribute() StringTemplate.setAttribute() StringTemplate.setAttribute() StringTemplate.setAttribute() java.lang.String.replaceAll(String,String) java.lang.String.replaceAll(String,String) java.lang.String.replaceAll(String,String) java.lang.String.replaceAll(String,String) java.lang.String.replaceAll(String,String) StringTemplate.setAttribute() StringTemplate.setAttribute() StringTemplate.setAttribute() StringTemplate.setAttribute() StringTemplate.setAttribute() StringTemplate.toString() StringTemplate.toString() StringTemplate.toString() StringTemplate.toString() StringTemplate.toString() GrammarInfo.getRuleTestSuites() GrammarInfo.getRuleTestSuites() GrammarInfo.getRuleTestSuites() GrammarInfo.getRuleTestSuites() GrammarInfo.getRuleTestSuites() Map.containsKey() Map.containsKey() Map.containsKey() Map.containsKey() Map.containsKey() StringTemplate.setAttribute() StringTemplate.setAttribute() StringTemplate.setAttribute() StringTemplate.setAttribute() StringTemplate.setAttribute() StringTemplate.setAttribute() StringTemplate.setAttribute() StringTemplate.setAttribute() StringTemplate.setAttribute() StringTemplate.setAttribute() StringTemplate.setAttribute() StringTemplate.setAttribute() StringTemplate.setAttribute() StringTemplate.setAttribute() StringTemplate.setAttribute() StringTemplate.setAttribute() StringTemplate.setAttribute() StringTemplate.setAttribute() StringTemplate.setAttribute() StringTemplate.setAttribute() StringTemplate.setAttribute() StringTemplate.setAttribute() StringTemplate.setAttribute() StringTemplate.setAttribute() StringTemplate.setAttribute() Map.get() Map.get() Map.get() Map.get() Map.get() StringTemplate.setAttribute() StringTemplate.setAttribute() StringTemplate.setAttribute() StringTemplate.setAttribute() StringTemplate.setAttribute() StringTemplate.setAttribute() StringTemplate.setAttribute() StringTemplate.setAttribute() StringTemplate.setAttribute() StringTemplate.setAttribute() StringTemplate.setAttribute() StringTemplate.setAttribute() StringTemplate.setAttribute() StringTemplate.setAttribute() StringTemplate.setAttribute() StringTemplate.setAttribute() StringTemplate.setAttribute() StringTemplate.setAttribute() StringTemplate.setAttribute() StringTemplate.setAttribute() StringTemplate.setAttribute() StringTemplate.setAttribute() StringTemplate.setAttribute() StringTemplate.setAttribute() StringTemplate.setAttribute() StringTemplate.setAttribute() StringTemplate.setAttribute() StringTemplate.setAttribute() StringTemplate.setAttribute() StringTemplate.setAttribute() StringTemplate.setAttribute() StringTemplate.setAttribute() StringTemplate.setAttribute() StringTemplate.setAttribute() StringTemplate.setAttribute() StringTemplate.setAttribute() StringTemplate.setAttribute() StringTemplate.setAttribute() StringTemplate.setAttribute() StringTemplate.setAttribute() StringTemplate.setAttribute() StringTemplate.setAttribute() StringTemplate.setAttribute() StringTemplate.setAttribute() StringTemplate.setAttribute() StringTemplate.toString() StringTemplate.toString() StringTemplate.toString() StringTemplate.toString() StringTemplate.toString() BufferedWriter.write() BufferedWriter.write() BufferedWriter.write() BufferedWriter.write() BufferedWriter.write() BufferedWriter.close() BufferedWriter.close() BufferedWriter.close() BufferedWriter.close() BufferedWriter.close() FileWriter.close() FileWriter.close() FileWriter.close() FileWriter.close() FileWriter.close() java.util.logging.Logger.log(Level,String,Object) java.util.logging.Logger.log(Level,String,Object) java.util.logging.Logger.log(Level,String,Object) java.util.logging.Logger.log(Level,String,Object) java.util.logging.Logger.log(Level,String,Object) java.lang.String.toUpperCase(Locale) java.lang.String.toUpperCase(Locale) java.lang.String.toUpperCase(Locale) java.lang.String.toUpperCase(Locale) java.lang.String.toUpperCase(Locale) StringBuilder.length() StringBuilder.length() StringBuilder.length() StringBuilder.length() StringBuilder.length() List.add() List.add() List.add() List.add() List.add() java.lang.StringBuilder.toString() java.lang.StringBuilder.toString() java.lang.StringBuilder.toString() java.lang.StringBuilder.toString() java.lang.StringBuilder.toString() StringBuilder.setLength() StringBuilder.setLength() StringBuilder.setLength() StringBuilder.setLength() StringBuilder.setLength() List.add() List.add() List.add() List.add() List.add() StringBuilder.length() StringBuilder.length() StringBuilder.length() StringBuilder.length() StringBuilder.length() List.add() List.add() List.add() List.add() List.add() java.lang.StringBuilder.toString() java.lang.StringBuilder.toString() java.lang.StringBuilder.toString() java.lang.StringBuilder.toString() java.lang.StringBuilder.toString() StringBuilder.setLength() StringBuilder.setLength() StringBuilder.setLength() StringBuilder.setLength() StringBuilder.setLength() java.lang.StringBuilder.append(boolean) java.lang.StringBuilder.append(boolean) java.lang.StringBuilder.append(boolean) java.lang.StringBuilder.append(boolean) java.lang.StringBuilder.append(boolean) java.lang.StringBuilder.append(boolean) java.lang.StringBuilder.append(boolean) java.lang.StringBuilder.append(boolean) java.lang.StringBuilder.append(boolean) java.lang.StringBuilder.append(boolean) List.add() List.add() List.add() List.add() List.add() java.lang.StringBuilder.toString() java.lang.StringBuilder.toString() java.lang.StringBuilder.toString() java.lang.StringBuilder.toString() java.lang.StringBuilder.toString() StringBuilder.setLength() StringBuilder.setLength() StringBuilder.setLength() StringBuilder.setLength() StringBuilder.setLength() java.lang.StringBuilder.append(boolean) java.lang.StringBuilder.append(boolean) java.lang.StringBuilder.append(boolean) java.lang.StringBuilder.append(boolean) java.lang.StringBuilder.append(boolean) StringBuilder.length() StringBuilder.length() StringBuilder.length() StringBuilder.length() StringBuilder.length() List.add() List.add() List.add() List.add() List.add() java.lang.StringBuilder.toString() java.lang.StringBuilder.toString() java.lang.StringBuilder.toString() java.lang.StringBuilder.toString() java.lang.StringBuilder.toString() List.size() List.size() List.size() List.size() List.size() List.get() List.get() List.get() List.get() List.get() List.get() List.get() List.get() List.get() List.get() java.lang.StringBuilder.append(boolean) java.lang.StringBuilder.append(boolean) java.lang.StringBuilder.append(boolean) java.lang.StringBuilder.append(boolean) java.lang.StringBuilder.append(boolean) java.lang.StringBuilder.append(boolean) java.lang.StringBuilder.append(boolean) java.lang.StringBuilder.append(boolean) java.lang.StringBuilder.append(boolean) java.lang.StringBuilder.append(boolean) List.get() List.get() List.get() List.get() List.get() java.lang.StringBuilder.toString() java.lang.StringBuilder.toString() java.lang.StringBuilder.toString() java.lang.StringBuilder.toString() java.lang.StringBuilder.toString()