org.antlr.gunit org.antlr.stringtemplate.StringTemplate import org.antlr.stringtemplate.StringTemplateGroup import org.antlr.stringtemplate.StringTemplateGroupLoader import org.antlr.stringtemplate.CommonGroupLoader import org.antlr.stringtemplate.language.AngleBracketTemplateLexer import java.io.* import java.lang.reflect.Method import java.util.ArrayList import java.util.HashMap import java.util.List import java.util.Map import java.util.logging.ConsoleHandler import java.util.logging.Handler import java.util.logging.Level import java.util.logging.Logger import class org.antlr.gunit.JUnitCodeGen GrammarInfo decl Map Handler String String Logger ClassLoader private static private static decl_stmt java.lang.ClassLoader = if == = return String private < private < throws decl_stmt java.lang.String = call org.antlr.gunit.GrammarInfo.getGrammarName() call org.antlr.gunit.GrammarInfo.getGrammarName() call org.antlr.gunit.GrammarInfo.getGrammarName() call org.antlr.gunit.GrammarInfo.getGrammarName() call org.antlr.gunit.GrammarInfo.getGrammarName() + if call org.antlr.gunit.GrammarInfo.getGrammarPackage() call org.antlr.gunit.GrammarInfo.getGrammarPackage() call org.antlr.gunit.GrammarInfo.getGrammarPackage() call org.antlr.gunit.GrammarInfo.getGrammarPackage() call org.antlr.gunit.GrammarInfo.getGrammarPackage() != = call org.antlr.gunit.GrammarInfo.getGrammarPackage() call org.antlr.gunit.GrammarInfo.getGrammarPackage() call org.antlr.gunit.GrammarInfo.getGrammarPackage() call org.antlr.gunit.GrammarInfo.getGrammarPackage() call org.antlr.gunit.GrammarInfo.getGrammarPackage() + + return public public return public public = String StringBuffer String String StringTemplateGroupLoader public public throws decl_stmt java.lang.String if call org.antlr.gunit.GrammarInfo.getTreeGrammarName() call org.antlr.gunit.GrammarInfo.getTreeGrammarName() call org.antlr.gunit.GrammarInfo.getTreeGrammarName() call org.antlr.gunit.GrammarInfo.getTreeGrammarName() call org.antlr.gunit.GrammarInfo.getTreeGrammarName() != = + call org.antlr.gunit.GrammarInfo.getTreeGrammarName() call org.antlr.gunit.GrammarInfo.getTreeGrammarName() call org.antlr.gunit.GrammarInfo.getTreeGrammarName() call org.antlr.gunit.GrammarInfo.getTreeGrammarName() call org.antlr.gunit.GrammarInfo.getTreeGrammarName() else = + call org.antlr.gunit.GrammarInfo.getGrammarName() call org.antlr.gunit.GrammarInfo.getGrammarName() call org.antlr.gunit.GrammarInfo.getGrammarName() call org.antlr.gunit.GrammarInfo.getGrammarName() call org.antlr.gunit.GrammarInfo.getGrammarName() decl_stmt java.lang.String = call org.antlr.gunit.GrammarInfo.getGrammarName() call org.antlr.gunit.GrammarInfo.getGrammarName() call org.antlr.gunit.GrammarInfo.getGrammarName() call org.antlr.gunit.GrammarInfo.getGrammarName() call org.antlr.gunit.GrammarInfo.getGrammarName() + decl_stmt java.lang.String = call org.antlr.gunit.GrammarInfo.getGrammarName() call org.antlr.gunit.GrammarInfo.getGrammarName() call org.antlr.gunit.GrammarInfo.getGrammarName() call org.antlr.gunit.GrammarInfo.getGrammarName() call org.antlr.gunit.GrammarInfo.getGrammarName() + decl_stmt StringTemplateGroupLoader = new decl_stmt java.lang.StringBuffer = + call java.lang.StringBuffer.toString() call java.lang.StringBuffer.toString() call java.lang.StringBuffer.toString() call java.lang.StringBuffer.toString() call java.lang.StringBuffer.toString() StringBuffer StringTemplateGroup public public decl_stmt StringTemplateGroup = decl_stmt java.lang.StringBuffer = new call java.lang.StringBuffer.append(boolean) call java.lang.StringBuffer.append(boolean) call java.lang.StringBuffer.append(boolean) call java.lang.StringBuffer.append(boolean) call java.lang.StringBuffer.append(boolean) call java.lang.StringBuffer.append(boolean) call java.lang.StringBuffer.append(boolean) call java.lang.StringBuffer.append(boolean) call java.lang.StringBuffer.append(boolean) call java.lang.StringBuffer.append(boolean) call java.lang.StringBuffer.append(boolean) call java.lang.StringBuffer.append(boolean) call java.lang.StringBuffer.append(boolean) call java.lang.StringBuffer.append(boolean) call java.lang.StringBuffer.append(boolean) return boolean String String String boolean StringTemplate String String boolean protected protected decl_stmt StringTemplate = if call org.antlr.gunit.GrammarInfo.getTestPackage() call org.antlr.gunit.GrammarInfo.getTestPackage() call org.antlr.gunit.GrammarInfo.getTestPackage() call org.antlr.gunit.GrammarInfo.getTestPackage() call org.antlr.gunit.GrammarInfo.getTestPackage() != call StringTemplate.setAttribute() call StringTemplate.setAttribute() call StringTemplate.setAttribute() call StringTemplate.setAttribute() call StringTemplate.setAttribute() + call org.antlr.gunit.GrammarInfo.getTestPackage() call org.antlr.gunit.GrammarInfo.getTestPackage() call org.antlr.gunit.GrammarInfo.getTestPackage() call org.antlr.gunit.GrammarInfo.getTestPackage() call org.antlr.gunit.GrammarInfo.getTestPackage() + call StringTemplate.setAttribute() call StringTemplate.setAttribute() call StringTemplate.setAttribute() call StringTemplate.setAttribute() call StringTemplate.setAttribute() decl_stmt java.lang.String = decl_stmt java.lang.String = decl_stmt java.lang.String = decl_stmt java.lang.String = decl_stmt boolean = decl_stmt boolean = if call org.antlr.gunit.GrammarInfo.getGrammarPackage() call org.antlr.gunit.GrammarInfo.getGrammarPackage() call org.antlr.gunit.GrammarInfo.getGrammarPackage() call org.antlr.gunit.GrammarInfo.getGrammarPackage() call org.antlr.gunit.GrammarInfo.getGrammarPackage() != = = + call org.antlr.gunit.GrammarInfo.getGrammarPackage() call org.antlr.gunit.GrammarInfo.getGrammarPackage() call org.antlr.gunit.GrammarInfo.getGrammarPackage() call org.antlr.gunit.GrammarInfo.getGrammarPackage() call org.antlr.gunit.GrammarInfo.getGrammarPackage() = call org.antlr.gunit.GrammarInfo.getGrammarPackage() call org.antlr.gunit.GrammarInfo.getGrammarPackage() call org.antlr.gunit.GrammarInfo.getGrammarPackage() call org.antlr.gunit.GrammarInfo.getGrammarPackage() call org.antlr.gunit.GrammarInfo.getGrammarPackage() + + = call org.antlr.gunit.GrammarInfo.getGrammarPackage() call org.antlr.gunit.GrammarInfo.getGrammarPackage() call org.antlr.gunit.GrammarInfo.getGrammarPackage() call org.antlr.gunit.GrammarInfo.getGrammarPackage() call org.antlr.gunit.GrammarInfo.getGrammarPackage() + + if call org.antlr.gunit.GrammarInfo.getTreeGrammarName() call org.antlr.gunit.GrammarInfo.getTreeGrammarName() call org.antlr.gunit.GrammarInfo.getTreeGrammarName() call org.antlr.gunit.GrammarInfo.getTreeGrammarName() call org.antlr.gunit.GrammarInfo.getTreeGrammarName() != = call org.antlr.gunit.GrammarInfo.getGrammarPackage() call org.antlr.gunit.GrammarInfo.getGrammarPackage() call org.antlr.gunit.GrammarInfo.getGrammarPackage() call org.antlr.gunit.GrammarInfo.getGrammarPackage() call org.antlr.gunit.GrammarInfo.getGrammarPackage() + + call org.antlr.gunit.GrammarInfo.getTreeGrammarName() call org.antlr.gunit.GrammarInfo.getTreeGrammarName() call org.antlr.gunit.GrammarInfo.getTreeGrammarName() call org.antlr.gunit.GrammarInfo.getTreeGrammarName() call org.antlr.gunit.GrammarInfo.getTreeGrammarName() = else = = if call org.antlr.gunit.GrammarInfo.getTreeGrammarName() call org.antlr.gunit.GrammarInfo.getTreeGrammarName() call org.antlr.gunit.GrammarInfo.getTreeGrammarName() call org.antlr.gunit.GrammarInfo.getTreeGrammarName() call org.antlr.gunit.GrammarInfo.getTreeGrammarName() != = call org.antlr.gunit.GrammarInfo.getTreeGrammarName() call org.antlr.gunit.GrammarInfo.getTreeGrammarName() call org.antlr.gunit.GrammarInfo.getTreeGrammarName() call org.antlr.gunit.GrammarInfo.getTreeGrammarName() call org.antlr.gunit.GrammarInfo.getTreeGrammarName() = decl_stmt java.lang.String = decl_stmt boolean = if call org.antlr.gunit.GrammarInfo.getAdaptor() call org.antlr.gunit.GrammarInfo.getAdaptor() call org.antlr.gunit.GrammarInfo.getAdaptor() call org.antlr.gunit.GrammarInfo.getAdaptor() call org.antlr.gunit.GrammarInfo.getAdaptor() != = = call org.antlr.gunit.GrammarInfo.getAdaptor() call org.antlr.gunit.GrammarInfo.getAdaptor() call org.antlr.gunit.GrammarInfo.getAdaptor() call org.antlr.gunit.GrammarInfo.getAdaptor() call org.antlr.gunit.GrammarInfo.getAdaptor() call StringTemplate.setAttribute() call StringTemplate.setAttribute() call StringTemplate.setAttribute() call StringTemplate.setAttribute() call StringTemplate.setAttribute() call StringTemplate.setAttribute() call StringTemplate.setAttribute() call StringTemplate.setAttribute() call StringTemplate.setAttribute() call StringTemplate.setAttribute() call StringTemplate.setAttribute() call StringTemplate.setAttribute() call StringTemplate.setAttribute() call StringTemplate.setAttribute() call StringTemplate.setAttribute() call StringTemplate.setAttribute() call StringTemplate.setAttribute() call StringTemplate.setAttribute() call StringTemplate.setAttribute() call StringTemplate.setAttribute() call StringTemplate.setAttribute() call StringTemplate.setAttribute() call StringTemplate.setAttribute() call StringTemplate.setAttribute() call StringTemplate.setAttribute() call StringTemplate.setAttribute() call StringTemplate.setAttribute() call StringTemplate.setAttribute() call StringTemplate.setAttribute() call StringTemplate.setAttribute() call StringTemplate.setAttribute() call StringTemplate.setAttribute() call StringTemplate.setAttribute() call StringTemplate.setAttribute() call StringTemplate.setAttribute() call StringTemplate.setAttribute() call StringTemplate.setAttribute() call StringTemplate.setAttribute() call StringTemplate.setAttribute() call StringTemplate.setAttribute() return call StringTemplate.toString() call StringTemplate.toString() call StringTemplate.toString() call StringTemplate.toString() call StringTemplate.toString() StringBuffer protected protected decl_stmt java.lang.StringBuffer = new if call org.antlr.gunit.GrammarInfo.getTreeGrammarName() call org.antlr.gunit.GrammarInfo.getTreeGrammarName() call org.antlr.gunit.GrammarInfo.getTreeGrammarName() call org.antlr.gunit.GrammarInfo.getTreeGrammarName() call org.antlr.gunit.GrammarInfo.getTreeGrammarName() != else return call java.lang.StringBuffer.toString() call java.lang.StringBuffer.toString() call java.lang.StringBuffer.toString() call java.lang.StringBuffer.toString() call java.lang.StringBuffer.toString() int gUnitTestInput StringTemplate String String private private for : call GrammarInfo.getRuleTestSuites() call GrammarInfo.getRuleTestSuites() call GrammarInfo.getRuleTestSuites() call GrammarInfo.getRuleTestSuites() call GrammarInfo.getRuleTestSuites() decl_stmt int = for < : decl_stmt org.antlr.gunit.gUnitTestInput = ++ decl_stmt StringTemplate if == && call decl Map.containsKey() call decl Map.containsKey() call decl Map.containsKey() call decl Map.containsKey() call decl Map.containsKey() = decl_stmt java.lang.String = call StringTemplate.setAttribute() call StringTemplate.setAttribute() call StringTemplate.setAttribute() call StringTemplate.setAttribute() call StringTemplate.setAttribute() + + call StringTemplate.setAttribute() call StringTemplate.setAttribute() call StringTemplate.setAttribute() call StringTemplate.setAttribute() call StringTemplate.setAttribute() + + call StringTemplate.setAttribute() call StringTemplate.setAttribute() call StringTemplate.setAttribute() call StringTemplate.setAttribute() call StringTemplate.setAttribute() call StringTemplate.setAttribute() call StringTemplate.setAttribute() call StringTemplate.setAttribute() call StringTemplate.setAttribute() call StringTemplate.setAttribute() call decl Map.get() call decl Map.get() call decl Map.get() call decl Map.get() call decl Map.get() call StringTemplate.setAttribute() call StringTemplate.setAttribute() call StringTemplate.setAttribute() call StringTemplate.setAttribute() call StringTemplate.setAttribute() else decl_stmt java.lang.String if = else = = decl_stmt java.lang.String = call StringTemplate.setAttribute() call StringTemplate.setAttribute() call StringTemplate.setAttribute() call StringTemplate.setAttribute() call StringTemplate.setAttribute() call StringTemplate.setAttribute() call StringTemplate.setAttribute() call StringTemplate.setAttribute() call StringTemplate.setAttribute() call StringTemplate.setAttribute() + + call StringTemplate.setAttribute() call StringTemplate.setAttribute() call StringTemplate.setAttribute() call StringTemplate.setAttribute() call StringTemplate.setAttribute() + + call StringTemplate.setAttribute() call StringTemplate.setAttribute() call StringTemplate.setAttribute() call StringTemplate.setAttribute() call StringTemplate.setAttribute() call StringTemplate.setAttribute() call StringTemplate.setAttribute() call StringTemplate.setAttribute() call StringTemplate.setAttribute() call StringTemplate.setAttribute() = if == call StringTemplate.setAttribute() call StringTemplate.setAttribute() call StringTemplate.setAttribute() call StringTemplate.setAttribute() call StringTemplate.setAttribute() else if == call StringTemplate.setAttribute() call StringTemplate.setAttribute() call StringTemplate.setAttribute() call StringTemplate.setAttribute() call StringTemplate.setAttribute() else = call java.lang.String.replaceAll(String,String) call java.lang.String.replaceAll(String,String) call java.lang.String.replaceAll(String,String) call java.lang.String.replaceAll(String,String) call java.lang.String.replaceAll(String,String) call StringTemplate.setAttribute() call StringTemplate.setAttribute() call StringTemplate.setAttribute() call StringTemplate.setAttribute() call StringTemplate.setAttribute() + + call StringTemplate.toString() call StringTemplate.toString() call StringTemplate.toString() call StringTemplate.toString() call StringTemplate.toString() int gUnitTestInput StringTemplate String private private for : call GrammarInfo.getRuleTestSuites() call GrammarInfo.getRuleTestSuites() call GrammarInfo.getRuleTestSuites() call GrammarInfo.getRuleTestSuites() call GrammarInfo.getRuleTestSuites() decl_stmt int = for < : decl_stmt org.antlr.gunit.gUnitTestInput = ++ decl_stmt StringTemplate if == && call decl Map.containsKey() call decl Map.containsKey() call decl Map.containsKey() call decl Map.containsKey() call decl Map.containsKey() = decl_stmt java.lang.String = call StringTemplate.setAttribute() call StringTemplate.setAttribute() call StringTemplate.setAttribute() call StringTemplate.setAttribute() call StringTemplate.setAttribute() + + + + call StringTemplate.setAttribute() call StringTemplate.setAttribute() call StringTemplate.setAttribute() call StringTemplate.setAttribute() call StringTemplate.setAttribute() + + call StringTemplate.setAttribute() call StringTemplate.setAttribute() call StringTemplate.setAttribute() call StringTemplate.setAttribute() call StringTemplate.setAttribute() + + call StringTemplate.setAttribute() call StringTemplate.setAttribute() call StringTemplate.setAttribute() call StringTemplate.setAttribute() call StringTemplate.setAttribute() call StringTemplate.setAttribute() call StringTemplate.setAttribute() call StringTemplate.setAttribute() call StringTemplate.setAttribute() call StringTemplate.setAttribute() call decl Map.get() call decl Map.get() call decl Map.get() call decl Map.get() call decl Map.get() call StringTemplate.setAttribute() call StringTemplate.setAttribute() call StringTemplate.setAttribute() call StringTemplate.setAttribute() call StringTemplate.setAttribute() else = decl_stmt java.lang.String = call StringTemplate.setAttribute() call StringTemplate.setAttribute() call StringTemplate.setAttribute() call StringTemplate.setAttribute() call StringTemplate.setAttribute() + + + + call StringTemplate.setAttribute() call StringTemplate.setAttribute() call StringTemplate.setAttribute() call StringTemplate.setAttribute() call StringTemplate.setAttribute() + + call StringTemplate.setAttribute() call StringTemplate.setAttribute() call StringTemplate.setAttribute() call StringTemplate.setAttribute() call StringTemplate.setAttribute() + + call StringTemplate.setAttribute() call StringTemplate.setAttribute() call StringTemplate.setAttribute() call StringTemplate.setAttribute() call StringTemplate.setAttribute() call StringTemplate.setAttribute() call StringTemplate.setAttribute() call StringTemplate.setAttribute() call StringTemplate.setAttribute() call StringTemplate.setAttribute() if == call StringTemplate.setAttribute() call StringTemplate.setAttribute() call StringTemplate.setAttribute() call StringTemplate.setAttribute() call StringTemplate.setAttribute() else if == call StringTemplate.setAttribute() call StringTemplate.setAttribute() call StringTemplate.setAttribute() call StringTemplate.setAttribute() call StringTemplate.setAttribute() else call StringTemplate.setAttribute() call StringTemplate.setAttribute() call StringTemplate.setAttribute() call StringTemplate.setAttribute() call StringTemplate.setAttribute() + + call StringTemplate.toString() call StringTemplate.toString() call StringTemplate.toString() call StringTemplate.toString() call StringTemplate.toString() String public public decl_stmt java.lang.String switch case = break case = break case = break case = break case = break case = break default: = break return BufferedWriter FileWriter File protected protected try decl_stmt File = new decl_stmt FileWriter = new decl_stmt BufferedWriter = new call BufferedWriter.write() call BufferedWriter.write() call BufferedWriter.write() call BufferedWriter.write() call BufferedWriter.write() call BufferedWriter.close() call BufferedWriter.close() call BufferedWriter.close() call BufferedWriter.close() call BufferedWriter.close() call FileWriter.close() call FileWriter.close() call FileWriter.close() call FileWriter.close() call FileWriter.close() catch call java.util.logging.Logger.log(Level,String,Object) call java.util.logging.Logger.log(Level,String,Object) call java.util.logging.Logger.log(Level,String,Object) call java.util.logging.Logger.log(Level,String,Object) call java.util.logging.Logger.log(Level,String,Object) public static public static = = = return String protected protected decl_stmt java.lang.String = return call java.lang.String.toUpperCase(Locale) call java.lang.String.toUpperCase(Locale) call java.lang.String.toUpperCase(Locale) call java.lang.String.toUpperCase(Locale) call java.lang.String.toUpperCase(Locale) + int StringBuilder StringBuilder decl List public static public static decl_stmt java.util.List < = new < decl_stmt int = decl_stmt java.lang.StringBuilder = new while < if == || == if call StringBuilder.length() call StringBuilder.length() call StringBuilder.length() call StringBuilder.length() call StringBuilder.length() > call decl List.add() call decl List.add() call decl List.add() call decl List.add() call decl List.add() call java.lang.StringBuilder.toString() call java.lang.StringBuilder.toString() call java.lang.StringBuilder.toString() call java.lang.StringBuilder.toString() call java.lang.StringBuilder.toString() call StringBuilder.setLength() call StringBuilder.setLength() call StringBuilder.setLength() call StringBuilder.setLength() call StringBuilder.setLength() call decl List.add() call decl List.add() call decl List.add() call decl List.add() call decl List.add() ++ continue if if call StringBuilder.length() call StringBuilder.length() call StringBuilder.length() call StringBuilder.length() call StringBuilder.length() > call decl List.add() call decl List.add() call decl List.add() call decl List.add() call decl List.add() call java.lang.StringBuilder.toString() call java.lang.StringBuilder.toString() call java.lang.StringBuilder.toString() call java.lang.StringBuilder.toString() call java.lang.StringBuilder.toString() call StringBuilder.setLength() call StringBuilder.setLength() call StringBuilder.setLength() call StringBuilder.setLength() call StringBuilder.setLength() ++ continue if == && - >= && - == || - ++ while < && != if == && + < && + == call java.lang.StringBuilder.append(boolean) call java.lang.StringBuilder.append(boolean) call java.lang.StringBuilder.append(boolean) call java.lang.StringBuilder.append(boolean) call java.lang.StringBuilder.append(boolean) += continue call java.lang.StringBuilder.append(boolean) call java.lang.StringBuilder.append(boolean) call java.lang.StringBuilder.append(boolean) call java.lang.StringBuilder.append(boolean) call java.lang.StringBuilder.append(boolean) ++ ++ call decl List.add() call decl List.add() call decl List.add() call decl List.add() call decl List.add() call java.lang.StringBuilder.toString() call java.lang.StringBuilder.toString() call java.lang.StringBuilder.toString() call java.lang.StringBuilder.toString() call java.lang.StringBuilder.toString() call StringBuilder.setLength() call StringBuilder.setLength() call StringBuilder.setLength() call StringBuilder.setLength() call StringBuilder.setLength() continue call java.lang.StringBuilder.append(boolean) call java.lang.StringBuilder.append(boolean) call java.lang.StringBuilder.append(boolean) call java.lang.StringBuilder.append(boolean) call java.lang.StringBuilder.append(boolean) ++ if call StringBuilder.length() call StringBuilder.length() call StringBuilder.length() call StringBuilder.length() call StringBuilder.length() > call decl List.add() call decl List.add() call decl List.add() call decl List.add() call decl List.add() call java.lang.StringBuilder.toString() call java.lang.StringBuilder.toString() call java.lang.StringBuilder.toString() call java.lang.StringBuilder.toString() call java.lang.StringBuilder.toString() decl_stmt java.lang.StringBuilder = new for = < call decl List.size() call decl List.size() call decl List.size() call decl List.size() call decl List.size() ++ if > && ! call decl List.get() call decl List.get() call decl List.get() call decl List.get() call decl List.get() && ! call decl List.get() call decl List.get() call decl List.get() call decl List.get() call decl List.get() - call java.lang.StringBuilder.append(boolean) call java.lang.StringBuilder.append(boolean) call java.lang.StringBuilder.append(boolean) call java.lang.StringBuilder.append(boolean) call java.lang.StringBuilder.append(boolean) call java.lang.StringBuilder.append(boolean) call java.lang.StringBuilder.append(boolean) call java.lang.StringBuilder.append(boolean) call java.lang.StringBuilder.append(boolean) call java.lang.StringBuilder.append(boolean) call decl List.get() call decl List.get() call decl List.get() call decl List.get() call decl List.get() return call java.lang.StringBuilder.toString() call java.lang.StringBuilder.toString() call java.lang.StringBuilder.toString() call java.lang.StringBuilder.toString() call java.lang.StringBuilder.toString()