RunNotifier.addListener() RunNotifier.addListener() RunNotifier.addListener() RunNotifier.addListener() RunNotifier.addListener() Runner.run() Runner.run() Runner.run() Runner.run() Runner.run() JUnitCore.addListener() JUnitCore.addListener() JUnitCore.addListener() JUnitCore.addListener() JUnitCore.addListener() JUnitCore.run() JUnitCore.run() JUnitCore.run() JUnitCore.run() JUnitCore.run() org.springframework.test.context.junit4.TrackingRunListener.getTestStartedCount() org.springframework.test.context.junit4.TrackingRunListener.getTestStartedCount() org.springframework.test.context.junit4.TrackingRunListener.getTestStartedCount() org.springframework.test.context.junit4.TrackingRunListener.getTestStartedCount() org.springframework.test.context.junit4.TrackingRunListener.getTestStartedCount() org.springframework.test.context.junit4.TrackingRunListener.getTestFailureCount() org.springframework.test.context.junit4.TrackingRunListener.getTestFailureCount() org.springframework.test.context.junit4.TrackingRunListener.getTestFailureCount() org.springframework.test.context.junit4.TrackingRunListener.getTestFailureCount() org.springframework.test.context.junit4.TrackingRunListener.getTestFailureCount() TrackingRunListener.getTestFinishedCount() TrackingRunListener.getTestFinishedCount() TrackingRunListener.getTestFinishedCount() TrackingRunListener.getTestFinishedCount() TrackingRunListener.getTestFinishedCount() org.springframework.test.context.junit4.TrackingRunListener.getTestIgnoredCount() org.springframework.test.context.junit4.TrackingRunListener.getTestIgnoredCount() org.springframework.test.context.junit4.TrackingRunListener.getTestIgnoredCount() org.springframework.test.context.junit4.TrackingRunListener.getTestIgnoredCount() org.springframework.test.context.junit4.TrackingRunListener.getTestIgnoredCount() org.springframework.test.context.junit4.TrackingRunListener.getTestAssumptionFailureCount() org.springframework.test.context.junit4.TrackingRunListener.getTestAssumptionFailureCount() org.springframework.test.context.junit4.TrackingRunListener.getTestAssumptionFailureCount() org.springframework.test.context.junit4.TrackingRunListener.getTestAssumptionFailureCount() org.springframework.test.context.junit4.TrackingRunListener.getTestAssumptionFailureCount()